\BOOKMARK [1][-]{section*.1}{\376\377\0001}{}% 1
\BOOKMARK [1][-]{section*.2}{\376\377\0002}{}% 2
\BOOKMARK [2][-]{section*.3}{\376\377\000N\000o\000n\000l\000i\000n\000e\000a\000r\000\040\000F\000e\000e\000d\000b\000a\000c\000k\000\040\000D\000e\000s\000i\000g\000n\000\040\000f\000o\000r\000\040\000F\000i\000x\000e\000d\000-\000T\000i\000m\000e\000\040\000S\000t\000a\000b\000i\000l\000i\000z\000a\000t\000i\000o\000n\000\040\000o\000f\000\040\000L\000i\000n\000e\000a\000r\000\040\000C\000o\000n\000t\000r\000o\000l\000\040\000S\000y\000s\000t\000e\000m\000s}{section*.2}% 3
\BOOKMARK [2][-]{section*.4}{\376\377\000C\000o\000o\000p\000e\000r\000a\000t\000i\000v\000e\000\040\000O\000u\000t\000p\000u\000t\000\040\000F\000e\000e\000d\000b\000a\000c\000k\000\040\000T\000r\000a\000c\000k\000i\000n\000g\000\040\000C\000o\000n\000t\000r\000o\000l\000\040\000o\000f\000\040\000S\000t\000o\000c\000h\000a\000s\000t\000i\000c\000\040\000L\000i\000n\000e\000a\000r\000\040\000H\000e\000t\000e\000r\000o\000g\000e\000n\000e\000o\000u\000s\000\040\000M\000u\000l\000t\000i\000a\000g\000e\000n\000t\000\040\000S\000y\000s\000t\000e\000m\000s}{section*.2}% 4
\BOOKMARK [2][-]{section*.5}{\376\377\000T\000i\000m\000e\000-\000V\000a\000r\000i\000a\000t\000i\000o\000n\000\040\000i\000n\000\040\000O\000n\000l\000i\000n\000e\000\040\000N\000o\000n\000c\000o\000n\000v\000e\000x\000\040\000O\000p\000t\000i\000m\000i\000z\000a\000t\000i\000o\000n\000\040\000E\000n\000a\000b\000l\000e\000s\000\040\000E\000s\000c\000a\000p\000i\000n\000g\000\040\000F\000r\000o\000m\000\040\000S\000p\000u\000r\000i\000o\000u\000s\000\040\000L\000o\000c\000a\000l\000\040\000M\000i\000n\000i\000m\000a}{section*.2}% 5
\BOOKMARK [1][-]{section*.6}{\376\377\0003}{}% 6
\BOOKMARK [2][-]{section*.7}{\376\377\000P\000r\000o\000b\000l\000e\000m\000\040\000S\000t\000a\000t\000e\000m\000e\000n\000t}{section*.6}% 7
\BOOKMARK [2][-]{section*.8}{\376\377\000S\000o\000l\000u\000t\000i\000o\000n}{section*.6}% 8
\BOOKMARK [3][-]{section*.9}{\376\377\0003\000.\0001\000:\000\040\000T\000o\000e\000p\000l\000i\000t\000z}{section*.8}% 9
\BOOKMARK [3][-]{section*.10}{\376\377\0003\000.\0002\000:\000\040\000M\000o\000n\000i\000c\000\040\000P\000o\000l\000y\000n\000o\000m\000i\000a\000l\000s\000\040\000o\000f\000\040\000D\000e\000g\000r\000e\000e\000\040\000n}{section*.8}% 10
\BOOKMARK [3][-]{section*.11}{\376\377\0003\000.\0003\000:\000\040\000S\000y\000m\000m\000e\000t\000r\000i\000c\000\040\000M\000a\000t\000r\000i\000c\000e\000s}{section*.8}% 11
\BOOKMARK [1][-]{section*.12}{\376\377\0004}{}% 12
\BOOKMARK [2][-]{section*.13}{\376\377\000P\000r\000o\000b\000l\000e\000m\000\040\000S\000t\000a\000t\000e\000m\000e\000n\000t}{section*.12}% 13
\BOOKMARK [2][-]{section*.14}{\376\377\000S\000o\000l\000u\000t\000i\000o\000n}{section*.12}% 14
\BOOKMARK [1][-]{section*.15}{\376\377\0005}{}% 15
\BOOKMARK [2][-]{section*.16}{\376\377\000P\000r\000o\000b\000l\000e\000m\000\040\000S\000t\000a\000t\000e\000m\000e\000n\000t}{section*.15}% 16
\BOOKMARK [2][-]{section*.17}{\376\377\000S\000o\000l\000u\000t\000i\000o\000n}{section*.15}% 17
\BOOKMARK [1][-]{section*.18}{\376\377\0006}{}% 18
\BOOKMARK [2][-]{section*.19}{\376\377\000P\000r\000o\000b\000l\000e\000m\000\040\000S\000t\000a\000t\000e\000m\000e\000n\000t}{section*.18}% 19
\BOOKMARK [2][-]{section*.20}{\376\377\000S\000o\000l\000u\000t\000i\000o\000n}{section*.18}% 20
\BOOKMARK [1][-]{section*.21}{\376\377\0007}{}% 21
\BOOKMARK [2][-]{section*.22}{\376\377\000P\000r\000o\000b\000l\000e\000m\000\040\000S\000t\000a\000t\000e\000m\000e\000n\000t}{section*.21}% 22
\BOOKMARK [2][-]{section*.23}{\376\377\000S\000o\000l\000u\000t\000i\000o\000n}{section*.21}% 23
\BOOKMARK [1][-]{section*.24}{\376\377\0008}{}% 24
\BOOKMARK [2][-]{section*.25}{\376\377\000P\000r\000o\000b\000l\000e\000m\000\040\000S\000t\000a\000t\000e\000m\000e\000n\000t}{section*.24}% 25
\BOOKMARK [2][-]{section*.26}{\376\377\000S\000o\000l\000u\000t\000i\000o\000n}{section*.24}% 26
\BOOKMARK [1][-]{section*.27}{\376\377\0009}{}% 27
\BOOKMARK [2][-]{section*.28}{\376\377\000P\000r\000o\000b\000l\000e\000m\000\040\000S\000t\000a\000t\000e\000m\000e\000n\000t}{section*.27}% 28
\BOOKMARK [2][-]{section*.29}{\376\377\000S\000o\000l\000u\000t\000i\000o\000n}{section*.27}% 29
\BOOKMARK [1][-]{section*.30}{\376\377\0001\0000}{}% 30
\BOOKMARK [2][-]{section*.31}{\376\377\000P\000r\000o\000b\000l\000e\000m\000\040\000S\000t\000a\000t\000e\000m\000e\000n\000t}{section*.30}% 31
\BOOKMARK [2][-]{section*.32}{\376\377\000S\000o\000l\000u\000t\000i\000o\000n}{section*.30}% 32
\BOOKMARK [1][-]{section*.33}{\376\377\0001\0001}{}% 33
\BOOKMARK [2][-]{section*.34}{\376\377\000P\000r\000o\000b\000l\000e\000m\000\040\000S\000t\000a\000t\000e\000m\000e\000n\000t}{section*.33}% 34
\BOOKMARK [2][-]{section*.35}{\376\377\000S\000o\000l\000u\000t\000i\000o\000n}{section*.33}% 35
\BOOKMARK [3][-]{section*.36}{\376\377\000A\000i\000:\000\040\000=\000\040\000j\000\040\000a\000i\000j\000e\000j}{section*.35}% 36
\BOOKMARK [3][-]{section*.37}{\376\377\000A\000:\000j\000\040\000=\000\040\000i\000\040\000a\000i\000j\000e\000i}{section*.35}% 37
\BOOKMARK [3][-]{section*.38}{\376\377\000A\000i\000:\000T\000\040\000=\000\040\000j\000\040\000a\000i\000j\000e\000j\000T}{section*.35}% 38
\BOOKMARK [1][-]{section*.39}{\376\377\0001\0002}{}% 39
\BOOKMARK [2][-]{section*.40}{\376\377\000P\000r\000o\000b\000l\000e\000m\000\040\000S\000t\000a\000t\000e\000m\000e\000n\000t}{section*.39}% 40
\BOOKMARK [2][-]{section*.41}{\376\377\000S\000o\000l\000u\000t\000i\000o\000n}{section*.39}% 41
\BOOKMARK [1][-]{section*.42}{\376\377\0001\0003}{}% 42
\BOOKMARK [2][-]{section*.43}{\376\377\000P\000r\000o\000b\000l\000e\000m\000\040\000S\000t\000a\000t\000e\000m\000e\000n\000t}{section*.42}% 43
\BOOKMARK [2][-]{section*.44}{\376\377\000S\000o\000l\000u\000t\000i\000o\000n}{section*.42}% 44
\BOOKMARK [1][-]{section*.45}{\376\377\0001\0004}{}% 45
\BOOKMARK [2][-]{section*.46}{\376\377\000P\000r\000o\000b\000l\000e\000m\000\040\000S\000t\000a\000t\000e\000m\000e\000n\000t}{section*.45}% 46
\BOOKMARK [2][-]{section*.47}{\376\377\000S\000o\000l\000u\000t\000i\000o\000n}{section*.45}% 47
\BOOKMARK [1][-]{section*.48}{\376\377\0001\0005}{}% 48
\BOOKMARK [2][-]{section*.49}{\376\377\000P\000r\000o\000b\000l\000e\000m\000\040\000S\000t\000a\000t\000e\000m\000e\000n\000t}{section*.48}% 49
\BOOKMARK [2][-]{section*.50}{\376\377\000S\000o\000l\000u\000t\000i\000o\000n}{section*.48}% 50
\BOOKMARK [3][-]{section*.51}{\376\377\0001\000.\0004\000-\0001\000.\0001}{section*.50}% 51
\BOOKMARK [3][-]{section*.52}{\376\377\0001\000.\0004\000-\0001\000.\0002}{section*.50}% 52
\BOOKMARK [3][-]{section*.53}{\376\377\0001\000.\0004\000-\0001\000.\0003}{section*.50}% 53
\BOOKMARK [1][-]{section*.54}{\376\377\0001\0006}{}% 54
\BOOKMARK [2][-]{section*.55}{\376\377\000P\000r\000o\000b\000l\000e\000m\000s\000\040\000S\000t\000a\000t\000e\000m\000e\000n\000t}{section*.54}% 55
\BOOKMARK [2][-]{section*.56}{\376\377\000S\000o\000l\000u\000t\000i\000o\000n}{section*.54}% 56
\BOOKMARK [1][-]{section*.57}{\376\377\0001\0007}{}% 57
\BOOKMARK [2][-]{section*.58}{\376\377\000P\000r\000o\000b\000l\000e\000m\000\040\000S\000t\000a\000t\000e\000m\000e\000n\000t}{section*.57}% 58
\BOOKMARK [2][-]{section*.59}{\376\377\000S\000o\000l\000u\000t\000i\000o\000n}{section*.57}% 59
\BOOKMARK [3][-]{section*.60}{\376\377\0001\000.\0004\000-\0003\000.\0001}{section*.59}% 60
\BOOKMARK [3][-]{section*.61}{\376\377\0001\000.\0004\000-\0003\000.\0002}{section*.59}% 61
\BOOKMARK [1][-]{section*.62}{\376\377\0001\0008}{}% 62
\BOOKMARK [2][-]{section*.63}{\376\377\000P\000r\000o\000b\000l\000e\000m\000\040\000S\000t\000a\000t\000e\000m\000e\000n\000t}{section*.62}% 63
\BOOKMARK [2][-]{section*.64}{\376\377\000S\000o\000l\000u\000t\000i\000o\000n}{section*.62}% 64
\BOOKMARK [1][-]{section*.65}{\376\377\0001\0009}{}% 65
\BOOKMARK [2][-]{section*.66}{\376\377\000P\000r\000o\000b\000l\000e\000m\000\040\000S\000t\000a\000t\000e\000m\000e\000n\000t}{section*.65}% 66
\BOOKMARK [2][-]{section*.67}{\376\377\000S\000o\000l\000u\000t\000i\000o\000n}{section*.65}% 67
\BOOKMARK [1][-]{section*.68}{\376\377\0002\0000}{}% 68
\BOOKMARK [2][-]{section*.69}{\376\377\000P\000r\000o\000b\000l\000e\000m\000\040\000S\000t\000a\000t\000e\000m\000e\000n\000t}{section*.68}% 69
\BOOKMARK [2][-]{section*.70}{\376\377\000S\000o\000l\000u\000t\000i\000o\000n}{section*.68}% 70
\BOOKMARK [1][-]{section*.71}{\376\377\0002\0001}{}% 71
\BOOKMARK [2][-]{section*.72}{\376\377\000P\000r\000o\000b\000l\000e\000m\000\040\000S\000t\000a\000t\000e\000m\000e\000n\000t}{section*.71}% 72
\BOOKMARK [3][-]{section*.73}{\376\377\000a}{section*.72}% 73
\BOOKMARK [3][-]{section*.74}{\376\377\000b}{section*.72}% 74
